# JRE version: Java(TM) SE Runtime Environment (8.0_101-b13) (build 1.8.0_101-b13)
# Java VM: Java HotSpot(TM) 64-Bit Server VM (25.101-b13 mixed mode linux-amd64 compressed oops)
Heap:
 PSYoungGen      total 383488K, used 70128K [0x00000000e0000000, 0x00000000fbb00000, 0x0000000100000000)
  eden space 313344K, 0% used [0x00000000e0000000,0x00000000e0000000,0x00000000f3200000)
  from space 70144K, 99% used [0x00000000f7680000,0x00000000fbafc258,0x00000000fbb00000)
  to   space 55296K, 0% used [0x00000000f3d00000,0x00000000f3d00000,0x00000000f7300000)
 ParOldGen       total 209408K, used 77152K [0x00000000a0000000, 0x00000000acc80000, 0x00000000e0000000)
  object space 209408K, 36% used [0x00000000a0000000,0x00000000a4b583e0,0x00000000acc80000)
 Metaspace       used 85218K, capacity 90696K, committed 90968K, reserved 1128448K
  class space    used 11036K, capacity 12117K, committed 12160K, reserved 1048576K
GC Heap History (10 events):
Event: 2348,086 GC heap after
Heap after GC invocations=31 (full 7):
 PSYoungGen      total 402432K, used 8705K [0x00000000e0000000, 0x00000000fe400000, 0x0000000100000000)
  eden space 336384K, 0% used [0x00000000e0000000,0x00000000e0000000,0x00000000f4880000)
  from space 66048K, 13% used [0x00000000f8800000,0x00000000f90806a0,0x00000000fc880000)
  to   space 65024K, 0% used [0x00000000f4880000,0x00000000f4880000,0x00000000f8800000)
 ParOldGen       total 209408K, used 64510K [0x00000000a0000000, 0x00000000acc80000, 0x00000000e0000000)
  object space 209408K, 30% used [0x00000000a0000000,0x00000000a3effaa0,0x00000000acc80000)
 Metaspace       used 80230K, capacity 85200K, committed 85464K, reserved 1124352K
  class space    used 10428K, capacity 11445K, committed 11520K, reserved 1048576K
}
Event: 2348,784 GC heap before
{Heap before GC invocations=32 (full 7):
 PSYoungGen      total 402432K, used 120958K [0x00000000e0000000, 0x00000000fe400000, 0x0000000100000000)
  eden space 336384K, 33% used [0x00000000e0000000,0x00000000e6d9f518,0x00000000f4880000)
  from space 66048K, 13% used [0x00000000f8800000,0x00000000f90806a0,0x00000000fc880000)
  to   space 65024K, 0% used [0x00000000f4880000,0x00000000f4880000,0x00000000f8800000)
 ParOldGen       total 209408K, used 64510K [0x00000000a0000000, 0x00000000acc80000, 0x00000000e0000000)
  object space 209408K, 30% used [0x00000000a0000000,0x00000000a3effaa0,0x00000000acc80000)
 Metaspace       used 81348K, capacity 86780K, committed 87000K, reserved 1124352K
  class space    used 10615K, capacity 11765K, committed 11776K, reserved 1048576K
Event: 2348,794 GC heap after
Heap after GC invocations=32 (full 7):
 PSYoungGen      total 401408K, used 11227K [0x00000000e0000000, 0x00000000fe100000, 0x0000000100000000)
  eden space 336384K, 0% used [0x00000000e0000000,0x00000000e0000000,0x00000000f4880000)
  from space 65024K, 17% used [0x00000000f4880000,0x00000000f5376ef0,0x00000000f8800000)
  to   space 63488K, 0% used [0x00000000fa300000,0x00000000fa300000,0x00000000fe100000)
 ParOldGen       total 209408K, used 64518K [0x00000000a0000000, 0x00000000acc80000, 0x00000000e0000000)
  object space 209408K, 30% used [0x00000000a0000000,0x00000000a3f01aa0,0x00000000acc80000)
 Metaspace       used 81348K, capacity 86780K, committed 87000K, reserved 1124352K
  class space    used 10615K, capacity 11765K, committed 11776K, reserved 1048576K
}
Event: 2348,795 GC heap before
{Heap before GC invocations=33 (full 8):
 PSYoungGen      total 401408K, used 11227K [0x00000000e0000000, 0x00000000fe100000, 0x0000000100000000)
  eden space 336384K, 0% used [0x00000000e0000000,0x00000000e0000000,0x00000000f4880000)
  from space 65024K, 17% used [0x00000000f4880000,0x00000000f5376ef0,0x00000000f8800000)
  to   space 63488K, 0% used [0x00000000fa300000,0x00000000fa300000,0x00000000fe100000)
 ParOldGen       total 209408K, used 64518K [0x00000000a0000000, 0x00000000acc80000, 0x00000000e0000000)
  object space 209408K, 30% used [0x00000000a0000000,0x00000000a3f01aa0,0x00000000acc80000)
 Metaspace       used 81348K, capacity 86780K, committed 87000K, reserved 1124352K
  class space    used 10615K, capacity 11765K, committed 11776K, reserved 1048576K
Event: 2349,044 GC heap after
Heap after GC invocations=33 (full 8):
 PSYoungGen      total 401408K, used 0K [0x00000000e0000000, 0x00000000fe100000, 0x0000000100000000)
  eden space 336384K, 0% used [0x00000000e0000000,0x00000000e0000000,0x00000000f4880000)
  from space 65024K, 0% used [0x00000000f4880000,0x00000000f4880000,0x00000000f8800000)
  to   space 63488K, 0% used [0x00000000fa300000,0x00000000fa300000,0x00000000fe100000)
 ParOldGen       total 209408K, used 63746K [0x00000000a0000000, 0x00000000acc80000, 0x00000000e0000000)
  object space 209408K, 30% used [0x00000000a0000000,0x00000000a3e40818,0x00000000acc80000)
 Metaspace       used 80538K, capacity 85440K, committed 87000K, reserved 1124352K
  class space    used 10439K, capacity 11453K, committed 11776K, reserved 1048576K
}
Event: 3478,977 GC heap before
{Heap before GC invocations=34 (full 8):
 PSYoungGen      total 401408K, used 336384K [0x00000000e0000000, 0x00000000fe100000, 0x0000000100000000)
  eden space 336384K, 100% used [0x00000000e0000000,0x00000000f4880000,0x00000000f4880000)
  from space 65024K, 0% used [0x00000000f4880000,0x00000000f4880000,0x00000000f8800000)
  to   space 63488K, 0% used [0x00000000fa300000,0x00000000fa300000,0x00000000fe100000)
 ParOldGen       total 209408K, used 63746K [0x00000000a0000000, 0x00000000acc80000, 0x00000000e0000000)
  object space 209408K, 30% used [0x00000000a0000000,0x00000000a3e40818,0x00000000acc80000)
 Metaspace       used 81615K, capacity 86966K, committed 87384K, reserved 1124352K
  class space    used 10554K, capacity 11598K, committed 11904K, reserved 1048576K
Event: 3478,998 GC heap after
Heap after GC invocations=34 (full 8):
 PSYoungGen      total 344064K, used 8706K [0x00000000e0000000, 0x00000000fb600000, 0x0000000100000000)
  eden space 324608K, 0% used [0x00000000e0000000,0x00000000e0000000,0x00000000f3d00000)
  from space 19456K, 44% used [0x00000000fa300000,0x00000000fab80ba8,0x00000000fb600000)
  to   space 61952K, 0% used [0x00000000f3d00000,0x00000000f3d00000,0x00000000f7980000)
 ParOldGen       total 209408K, used 63754K [0x00000000a0000000, 0x00000000acc80000, 0x00000000e0000000)
  object space 209408K, 30% used [0x00000000a0000000,0x00000000a3e42818,0x00000000acc80000)
 Metaspace       used 81615K, capacity 86966K, committed 87384K, reserved 1124352K
  class space    used 10554K, capacity 11598K, committed 11904K, reserved 1048576K
}
Event: 3484,718 GC heap before
{Heap before GC invocations=35 (full 8):
 PSYoungGen      total 344064K, used 333314K [0x00000000e0000000, 0x00000000fb600000, 0x0000000100000000)
  eden space 324608K, 100% used [0x00000000e0000000,0x00000000f3d00000,0x00000000f3d00000)
  from space 19456K, 44% used [0x00000000fa300000,0x00000000fab80ba8,0x00000000fb600000)
  to   space 61952K, 0% used [0x00000000f3d00000,0x00000000f3d00000,0x00000000f7980000)
 ParOldGen       total 209408K, used 63754K [0x00000000a0000000, 0x00000000acc80000, 0x00000000e0000000)
  object space 209408K, 30% used [0x00000000a0000000,0x00000000a3e42818,0x00000000acc80000)
 Metaspace       used 85145K, capacity 90620K, committed 90712K, reserved 1128448K
  class space    used 11032K, capacity 12115K, committed 12160K, reserved 1048576K
Event: 3484,758 GC heap after
Heap after GC invocations=35 (full 8):
 PSYoungGen      total 368640K, used 55066K [0x00000000e0000000, 0x00000000fbb00000, 0x0000000100000000)
  eden space 313344K, 0% used [0x00000000e0000000,0x00000000e0000000,0x00000000f3200000)
  from space 55296K, 99% used [0x00000000f3d00000,0x00000000f72c6ae8,0x00000000f7300000)
  to   space 70144K, 0% used [0x00000000f7680000,0x00000000f7680000,0x00000000fbb00000)
 ParOldGen       total 209408K, used 63762K [0x00000000a0000000, 0x00000000acc80000, 0x00000000e0000000)
  object space 209408K, 30% used [0x00000000a0000000,0x00000000a3e44818,0x00000000acc80000)
 Metaspace       used 85145K, capacity 90620K, committed 90712K, reserved 1128448K
  class space    used 11032K, capacity 12115K, committed 12160K, reserved 1048576K
}
Event: 3485,674 GC heap before
{Heap before GC invocations=36 (full 8):
 PSYoungGen      total 368640K, used 368410K [0x00000000e0000000, 0x00000000fbb00000, 0x0000000100000000)
  eden space 313344K, 100% used [0x00000000e0000000,0x00000000f3200000,0x00000000f3200000)
  from space 55296K, 99% used [0x00000000f3d00000,0x00000000f72c6ae8,0x00000000f7300000)
  to   space 70144K, 0% used [0x00000000f7680000,0x00000000f7680000,0x00000000fbb00000)
 ParOldGen       total 209408K, used 63762K [0x00000000a0000000, 0x00000000acc80000, 0x00000000e0000000)
  object space 209408K, 30% used [0x00000000a0000000,0x00000000a3e44818,0x00000000acc80000)
 Metaspace       used 85218K, capacity 90696K, committed 90968K, reserved 1128448K
  class space    used 11036K, capacity 12117K, committed 12160K, reserved 1048576K

